<?xml version="1.0" encoding="UTF-8"?>
<!-- Generated by org.testng.reporters.JUnitReportReporter -->
<testsuite hostname="abzal" failures="0" tests="3" name="test1.Registrationtest" time="28.807" errors="0" timestamp="2023-07-11T14:28:07 IST" skipped="0">
  <testcase classname="test1.Registrationtest" name="registerWithonly_Mandatoryfields" time="10.247"/>
  <testcase classname="test1.Registrationtest" name="verifyRegisterdAccountByprovidingMandatoryFields" time="7.571"/>
  <testcase classname="test1.Registrationtest" name="registerWith_ALLfields" time="10.989"/>
</testsuite> <!-- test1.Registrationtest -->
