<?xml version="1.0" encoding="UTF-8"?>
<!-- Generated by org.testng.reporters.JUnitReportReporter -->
<testsuite hostname="abzal" failures="0" tests="1" name="basic.base1" time="0.007" errors="0" timestamp="2023-06-26T10:32:13 IST" skipped="0">
  <testcase classname="basic.base1" name="p" time="0.007"/>
</testsuite> <!-- basic.base1 -->
