<?xml version="1.0" encoding="UTF-8"?>
<!-- Generated by org.testng.reporters.JUnitReportReporter -->
<testsuite hostname="abzal" failures="0" tests="6" name="test1.logintest" time="38.231" errors="0" timestamp="2023-07-11T14:28:07 IST" skipped="0">
  <testcase classname="test1.logintest" name="verifyLoginWithValidCredemtials" time="6.359"/>
  <testcase classname="test1.logintest" name="verifyLoginWithValidCredemtials" time="6.979"/>
  <testcase classname="test1.logintest" name="verifyLoginWithValidCredemtials" time="6.174"/>
  <testcase classname="test1.logintest" name="verifyLoginWithInValidCredemtials" time="6.212"/>
  <testcase classname="test1.logintest" name="verifyLoginWithInValid_email" time="6.200"/>
  <testcase classname="test1.logintest" name="verifyLoginWithInValid_password" time="6.307"/>
</testsuite> <!-- test1.logintest -->
