<?xml version="1.0" encoding="UTF-8"?>
<!-- Generated by org.testng.reporters.JUnitReportReporter -->
<testsuite hostname="abzal" failures="0" tests="6" name="test1.LoginTest" time="28.649" errors="0" timestamp="2023-07-13T08:14:32 IST" skipped="0">
  <testcase classname="test1.LoginTest" name="verifyLoginWithValidCredemtials" time="4.451"/>
  <testcase classname="test1.LoginTest" name="verifyLoginWithValidCredemtials" time="4.709"/>
  <testcase classname="test1.LoginTest" name="verifyLoginWithValidCredemtials" time="4.506"/>
  <testcase classname="test1.LoginTest" name="verifyLoginWithInValidCredemtials" time="4.745"/>
  <testcase classname="test1.LoginTest" name="verifyLoginWithInValid_email" time="5.379"/>
  <testcase classname="test1.LoginTest" name="verifyLoginWithInValid_password" time="4.859"/>
</testsuite> <!-- test1.LoginTest -->
