<?xml version="1.0" encoding="UTF-8"?>
<!-- Generated by org.testng.reporters.JUnitReportReporter -->
<testsuite hostname="abzal" failures="0" tests="3" name="test1.RegistrationTest" time="20.680" errors="0" timestamp="2023-07-13T08:14:32 IST" skipped="0">
  <testcase classname="test1.RegistrationTest" name="registerWithonly_Mandatoryfields" time="7.089"/>
  <testcase classname="test1.RegistrationTest" name="verifyRegisterdAccountByprovidingMandatoryFields" time="4.916"/>
  <testcase classname="test1.RegistrationTest" name="registerWith_ALLfields" time="8.675"/>
</testsuite> <!-- test1.RegistrationTest -->
